0 info it worked if it ends with ok
1 verbose cli [ 'node', '/usr/local/bin/npm', 'install', '-g', 'wh', 'grunt-cli' ]
2 info using npm@1.4.21
3 info using node@v0.10.30
4 verbose cache add [ 'wh', null ]
5 verbose cache add name=undefined spec="wh" args=["wh",null]
6 verbose parsed url { protocol: null,
6 verbose parsed url   slashes: null,
6 verbose parsed url   auth: null,
6 verbose parsed url   host: null,
6 verbose parsed url   port: null,
6 verbose parsed url   hostname: null,
6 verbose parsed url   hash: null,
6 verbose parsed url   search: null,
6 verbose parsed url   query: null,
6 verbose parsed url   pathname: 'wh',
6 verbose parsed url   path: 'wh',
6 verbose parsed url   href: 'wh' }
7 verbose cache add [ 'grunt-cli', null ]
8 verbose cache add name=undefined spec="grunt-cli" args=["grunt-cli",null]
9 verbose parsed url { protocol: null,
9 verbose parsed url   slashes: null,
9 verbose parsed url   auth: null,
9 verbose parsed url   host: null,
9 verbose parsed url   port: null,
9 verbose parsed url   hostname: null,
9 verbose parsed url   hash: null,
9 verbose parsed url   search: null,
9 verbose parsed url   query: null,
9 verbose parsed url   pathname: 'grunt-cli',
9 verbose parsed url   path: 'grunt-cli',
9 verbose parsed url   href: 'grunt-cli' }
10 silly lockFile d764022e-wh wh
11 verbose lock wh /Users/Declan/.npm/d764022e-wh.lock
12 silly lockFile 671ef8ac-grunt-cli grunt-cli
13 verbose lock grunt-cli /Users/Declan/.npm/671ef8ac-grunt-cli.lock
14 silly lockFile d764022e-wh wh
15 silly lockFile d764022e-wh wh
16 silly lockFile 671ef8ac-grunt-cli grunt-cli
17 silly lockFile 671ef8ac-grunt-cli grunt-cli
18 verbose addNamed [ 'wh', '' ]
19 verbose addNamed [ null, '*' ]
20 silly lockFile 90696dda-wh wh@
21 verbose lock wh@ /Users/Declan/.npm/90696dda-wh.lock
22 verbose addNamed [ 'grunt-cli', '' ]
23 verbose addNamed [ null, '*' ]
24 silly lockFile d63f3d0b-grunt-cli grunt-cli@
25 verbose lock grunt-cli@ /Users/Declan/.npm/d63f3d0b-grunt-cli.lock
26 silly addNameRange { name: 'wh', range: '*', hasData: false }
27 silly addNameRange { name: 'grunt-cli', range: '*', hasData: false }
28 verbose request where is /grunt-cli
29 verbose request registry https://registry.npmjs.org/
30 verbose request id c7e06862aae3df62
31 verbose url raw /grunt-cli
32 verbose url resolving [ 'https://registry.npmjs.org/', './grunt-cli' ]
33 verbose url resolved https://registry.npmjs.org/grunt-cli
34 verbose request where is https://registry.npmjs.org/grunt-cli
35 info trying registry request attempt 1 at 13:24:44
36 verbose etag "2GZ6Q2X7IDL2HEYPQPSHXQNZ6"
37 http GET https://registry.npmjs.org/grunt-cli
38 verbose request where is /wh
39 verbose request registry https://registry.npmjs.org/
40 verbose url raw /wh
41 verbose url resolving [ 'https://registry.npmjs.org/', './wh' ]
42 verbose url resolved https://registry.npmjs.org/wh
43 verbose request where is https://registry.npmjs.org/wh
44 info trying registry request attempt 1 at 13:24:44
45 verbose etag "6J1XY74R33VDXWSY6V4JKHQY7"
46 http GET https://registry.npmjs.org/wh
47 http 304 https://registry.npmjs.org/grunt-cli
48 silly registry.get cb [ 304,
48 silly registry.get   { date: 'Fri, 12 Dec 2014 19:24:44 GMT',
48 silly registry.get     server: 'Apache',
48 silly registry.get     via: '1.1 varnish',
48 silly registry.get     'last-modified': 'Fri, 12 Dec 2014 19:24:44 GMT',
48 silly registry.get     'cache-control': 'max-age=60',
48 silly registry.get     etag: '"2GZ6Q2X7IDL2HEYPQPSHXQNZ6"',
48 silly registry.get     age: '14',
48 silly registry.get     'x-served-by': 'cache-ord1724-ORD',
48 silly registry.get     'x-cache': 'HIT',
48 silly registry.get     'x-cache-hits': '1',
48 silly registry.get     'x-timer': 'S1418412284.304356,VS0,VE0',
48 silly registry.get     vary: 'Accept',
48 silly registry.get     'content-length': '0',
48 silly registry.get     'keep-alive': 'timeout=10, max=50',
48 silly registry.get     connection: 'Keep-Alive' } ]
49 verbose etag https://registry.npmjs.org/grunt-cli from cache
50 silly addNameRange number 2 { name: 'grunt-cli', range: '*', hasData: true }
51 silly addNameRange versions [ 'grunt-cli',
51 silly addNameRange   [ '0.1.0',
51 silly addNameRange     '0.1.1',
51 silly addNameRange     '0.1.2',
51 silly addNameRange     '0.1.3',
51 silly addNameRange     '0.1.4',
51 silly addNameRange     '0.1.5',
51 silly addNameRange     '0.1.6',
51 silly addNameRange     '0.1.7',
51 silly addNameRange     '0.1.8',
51 silly addNameRange     '0.1.9',
51 silly addNameRange     '0.1.10',
51 silly addNameRange     '0.1.11',
51 silly addNameRange     '0.1.12',
51 silly addNameRange     '0.1.13' ] ]
52 verbose addNamed [ 'grunt-cli', '0.1.13' ]
53 verbose addNamed [ '0.1.13', '0.1.13' ]
54 silly lockFile 28997503-grunt-cli-0-1-13 grunt-cli@0.1.13
55 verbose lock grunt-cli@0.1.13 /Users/Declan/.npm/28997503-grunt-cli-0-1-13.lock
56 silly lockFile 28997503-grunt-cli-0-1-13 grunt-cli@0.1.13
57 silly lockFile 28997503-grunt-cli-0-1-13 grunt-cli@0.1.13
58 silly lockFile d63f3d0b-grunt-cli grunt-cli@
59 silly lockFile d63f3d0b-grunt-cli grunt-cli@
60 http 304 https://registry.npmjs.org/wh
61 silly registry.get cb [ 304,
61 silly registry.get   { date: 'Fri, 12 Dec 2014 19:24:44 GMT',
61 silly registry.get     server: 'Apache',
61 silly registry.get     via: '1.1 varnish',
61 silly registry.get     'last-modified': 'Fri, 12 Dec 2014 19:24:44 GMT',
61 silly registry.get     'cache-control': 'max-age=60',
61 silly registry.get     etag: '"6J1XY74R33VDXWSY6V4JKHQY7"',
61 silly registry.get     age: '0',
61 silly registry.get     'x-served-by': 'cache-ord1733-ORD',
61 silly registry.get     'x-cache': 'MISS',
61 silly registry.get     'x-cache-hits': '0',
61 silly registry.get     'x-timer': 'S1418412284.303961,VS0,VE184',
61 silly registry.get     vary: 'Accept',
61 silly registry.get     'content-length': '0',
61 silly registry.get     'keep-alive': 'timeout=10, max=50',
61 silly registry.get     connection: 'Keep-Alive' } ]
62 verbose etag https://registry.npmjs.org/wh from cache
63 silly addNameRange number 2 { name: 'wh', range: '*', hasData: true }
64 silly addNameRange versions [ 'wh',
64 silly addNameRange   [ '1.0.0',
64 silly addNameRange     '1.0.1',
64 silly addNameRange     '1.0.2',
64 silly addNameRange     '1.0.3',
64 silly addNameRange     '1.0.4',
64 silly addNameRange     '1.0.5',
64 silly addNameRange     '1.0.6',
64 silly addNameRange     '1.0.7',
64 silly addNameRange     '1.0.8',
64 silly addNameRange     '1.0.9',
64 silly addNameRange     '1.0.10',
64 silly addNameRange     '1.0.11',
64 silly addNameRange     '1.0.12',
64 silly addNameRange     '1.0.13',
64 silly addNameRange     '1.0.14',
64 silly addNameRange     '1.0.15',
64 silly addNameRange     '1.0.16',
64 silly addNameRange     '1.0.17',
64 silly addNameRange     '1.0.18',
64 silly addNameRange     '1.0.19',
64 silly addNameRange     '1.0.20',
64 silly addNameRange     '1.0.21',
64 silly addNameRange     '1.0.22',
64 silly addNameRange     '1.0.23',
64 silly addNameRange     '1.0.24',
64 silly addNameRange     '1.0.25',
64 silly addNameRange     '1.0.26',
64 silly addNameRange     '1.0.27',
64 silly addNameRange     '1.0.28',
64 silly addNameRange     '1.0.29',
64 silly addNameRange     '1.0.30',
64 silly addNameRange     '1.0.31',
64 silly addNameRange     '1.0.32',
64 silly addNameRange     '1.0.33',
64 silly addNameRange     '1.0.34',
64 silly addNameRange     '1.0.35',
64 silly addNameRange     '1.0.36',
64 silly addNameRange     '1.0.37',
64 silly addNameRange     '1.0.38',
64 silly addNameRange     '1.0.39',
64 silly addNameRange     '1.0.40',
64 silly addNameRange     '1.0.41',
64 silly addNameRange     '1.0.43' ] ]
65 verbose addNamed [ 'wh', '1.0.43' ]
66 verbose addNamed [ '1.0.43', '1.0.43' ]
67 silly lockFile 59a2a594-wh-1-0-43 wh@1.0.43
68 verbose lock wh@1.0.43 /Users/Declan/.npm/59a2a594-wh-1-0-43.lock
69 silly lockFile 59a2a594-wh-1-0-43 wh@1.0.43
70 silly lockFile 59a2a594-wh-1-0-43 wh@1.0.43
71 silly lockFile 90696dda-wh wh@
72 silly lockFile 90696dda-wh wh@
73 silly resolved [ { name: 'grunt-cli',
73 silly resolved     description: 'The grunt command line interface.',
73 silly resolved     version: '0.1.13',
73 silly resolved     author: { name: 'Grunt Team' },
73 silly resolved     homepage: 'http://gruntjs.com/',
73 silly resolved     repository: { type: 'git', url: 'git://github.com/gruntjs/grunt-cli.git' },
73 silly resolved     bugs: { url: 'http://github.com/gruntjs/grunt-cli/issues' },
73 silly resolved     licenses: [ [Object] ],
73 silly resolved     bin: { grunt: 'bin/grunt' },
73 silly resolved     engines: { node: '>= 0.8.0' },
73 silly resolved     scripts: { test: 'node bin/grunt test' },
73 silly resolved     preferGlobal: true,
73 silly resolved     dependencies: { nopt: '~1.0.10', 'findup-sync': '~0.1.0', resolve: '~0.3.1' },
73 silly resolved     devDependencies: { grunt: '~0.4.0', 'grunt-contrib-jshint': '~0.2.0' },
73 silly resolved     contributors: [ [Object], [Object], [Object], [Object] ],
73 silly resolved     _id: 'grunt-cli@0.1.13',
73 silly resolved     dist:
73 silly resolved      { shasum: 'e9ebc4047631f5012d922770c39378133cad10f4',
73 silly resolved        tarball: 'http://registry.npmjs.org/grunt-cli/-/grunt-cli-0.1.13.tgz' },
73 silly resolved     _from: 'grunt-cli@',
73 silly resolved     _npmVersion: '1.3.24',
73 silly resolved     _npmUser: { name: 'tkellen', email: 'tyler@sleekcode.net' },
73 silly resolved     maintainers: [ [Object] ],
73 silly resolved     directories: {},
73 silly resolved     _shasum: 'e9ebc4047631f5012d922770c39378133cad10f4',
73 silly resolved     _resolved: 'https://registry.npmjs.org/grunt-cli/-/grunt-cli-0.1.13.tgz',
73 silly resolved     readme: 'ERROR: No README data found!' },
73 silly resolved   { name: 'wh',
73 silly resolved     version: '1.0.43',
73 silly resolved     description: 'Webhook is the easiest way to build a custom CMS for your next website.',
73 silly resolved     keywords: [ 'webhook', 'cms', 'static generator', 'static site generator' ],
73 silly resolved     main: 'index.js',
73 silly resolved     bin: { wh: './bin/wh' },
73 silly resolved     repository: { type: 'git', url: 'git://github.com/webhook/webhook.git' },
73 silly resolved     author: { name: 'Ian Kelly' },
73 silly resolved     engines: { node: '>= 0.10.24' },
73 silly resolved     license: 'MIT',
73 silly resolved     preferGlobal: 'true',
73 silly resolved     bugs:
73 silly resolved      { url: 'https://github.com/webhook/webhook/issues',
73 silly resolved        email: 'support@webhook.com' },
73 silly resolved     homepage: 'http://www.webhook.com/',
73 silly resolved     readmeFile: 'README.md',
73 silly resolved     dependencies:
73 silly resolved      { commander: '~2.1.0',
73 silly resolved        colors: '~0.6.2',
73 silly resolved        async: '~0.2.9',
73 silly resolved        wrench: '~1.5.4',
73 silly resolved        'win-spawn': '~2.0.0',
73 silly resolved        request: '~2.31.0',
73 silly resolved        'adm-zip': '~0.4.3',
73 silly resolved        lodash: '~2.4.1',
73 silly resolved        github: '~0.1.12',
73 silly resolved        firebase: '1.0.2',
73 silly resolved        restler: '~3.1.0',
73 silly resolved        mime: '~1.2.11',
73 silly resolved        archiver: '~0.6.1',
73 silly resolved        inquirer: '~0.5.1' },
73 silly resolved     _id: 'wh@1.0.43',
73 silly resolved     dist:
73 silly resolved      { shasum: '811efc480f4fc27f06748c1fd7d19e6e29a24d83',
73 silly resolved        tarball: 'http://registry.npmjs.org/wh/-/wh-1.0.43.tgz' },
73 silly resolved     _from: 'wh@',
73 silly resolved     _npmVersion: '1.3.21',
73 silly resolved     _npmUser: { name: 'webhook', email: 'dave@webhook.com' },
73 silly resolved     maintainers: [ [Object] ],
73 silly resolved     directories: {},
73 silly resolved     _shasum: '811efc480f4fc27f06748c1fd7d19e6e29a24d83',
73 silly resolved     _resolved: 'https://registry.npmjs.org/wh/-/wh-1.0.43.tgz',
73 silly resolved     readme: 'ERROR: No README data found!' } ]
74 info install grunt-cli@0.1.13 into /usr/local/lib
75 info install wh@1.0.43 into /usr/local/lib
76 info installOne grunt-cli@0.1.13
77 info installOne wh@1.0.43
78 verbose lib/node_modules/grunt-cli unbuild
79 verbose lib/node_modules/wh unbuild
80 verbose tar unpack /Users/Declan/.npm/grunt-cli/0.1.13/package.tgz
81 silly lockFile 466968dc-local-lib-node-modules-grunt-cli tar:///usr/local/lib/node_modules/grunt-cli
82 verbose lock tar:///usr/local/lib/node_modules/grunt-cli /Users/Declan/.npm/466968dc-local-lib-node-modules-grunt-cli.lock
83 silly lockFile c1a1ced1-npm-grunt-cli-0-1-13-package-tgz tar:///Users/Declan/.npm/grunt-cli/0.1.13/package.tgz
84 verbose lock tar:///Users/Declan/.npm/grunt-cli/0.1.13/package.tgz /Users/Declan/.npm/c1a1ced1-npm-grunt-cli-0-1-13-package-tgz.lock
85 verbose tar unpack /Users/Declan/.npm/wh/1.0.43/package.tgz
86 silly lockFile 7addba34-ar-usr-local-lib-node-modules-wh tar:///usr/local/lib/node_modules/wh
87 verbose lock tar:///usr/local/lib/node_modules/wh /Users/Declan/.npm/7addba34-ar-usr-local-lib-node-modules-wh.lock
88 silly lockFile f88fab8a-Declan-npm-wh-1-0-43-package-tgz tar:///Users/Declan/.npm/wh/1.0.43/package.tgz
89 verbose lock tar:///Users/Declan/.npm/wh/1.0.43/package.tgz /Users/Declan/.npm/f88fab8a-Declan-npm-wh-1-0-43-package-tgz.lock
90 silly gunzTarPerm modes [ '755', '644' ]
91 silly gunzTarPerm modes [ '755', '644' ]
92 error Error: EACCES, mkdir '/usr/local/lib/node_modules/grunt-cli'
92 error  { [Error: EACCES, mkdir '/usr/local/lib/node_modules/grunt-cli']
92 error   errno: 3,
92 error   code: 'EACCES',
92 error   path: '/usr/local/lib/node_modules/grunt-cli',
92 error   fstream_type: 'Directory',
92 error   fstream_path: '/usr/local/lib/node_modules/grunt-cli',
92 error   fstream_class: 'DirWriter',
92 error   fstream_stack:
92 error    [ '/usr/local/lib/node_modules/npm/node_modules/fstream/lib/dir-writer.js:36:23',
92 error      '/usr/local/lib/node_modules/npm/node_modules/mkdirp/index.js:37:53',
92 error      'Object.oncomplete (fs.js:107:15)' ] }
93 error Please try running this command again as root/Administrator.
94 error System Darwin 14.0.0
95 error command "node" "/usr/local/bin/npm" "install" "-g" "wh" "grunt-cli"
96 error cwd /Users/Declan/Development/tjmapes.github.io
97 error node -v v0.10.30
98 error npm -v 1.4.21
99 error path /usr/local/lib/node_modules/grunt-cli
100 error fstream_path /usr/local/lib/node_modules/grunt-cli
101 error fstream_type Directory
102 error fstream_class DirWriter
103 error code EACCES
104 error errno 3
105 error stack Error: EACCES, mkdir '/usr/local/lib/node_modules/grunt-cli'
106 error fstream_stack /usr/local/lib/node_modules/npm/node_modules/fstream/lib/dir-writer.js:36:23
106 error fstream_stack /usr/local/lib/node_modules/npm/node_modules/mkdirp/index.js:37:53
106 error fstream_stack Object.oncomplete (fs.js:107:15)
107 verbose exit [ 3, true ]
